<?xml version="1.0" encoding="UTF-8" ?>
<testsuite failures="0" time="0.141" errors="0" skipped="0" tests="1" name="TestSuite">
  <properties>
    <property name="java.vendor" value="Sun Microsystems Inc."/>
    <property name="localRepository" value="C:\Documents and Settings\kpierce\.m2\repository"/>
    <property name="sun.java.launcher" value="SUN_STANDARD"/>
    <property name="sun.management.compiler" value="HotSpot Client Compiler"/>
    <property name="env.PROMPT" value="$P$G"/>
    <property name="os.name" value="Windows XP"/>
    <property name="env.PYTHONPATH" value="C:\selenium-remote-control-1.0-beta-1\selenium-python-client-driver-1.0-beta-1"/>
    <property name="env.FP_NO_HOST_CHECK" value="NO"/>
    <property name="sun.boot.class.path" value="C:\Program Files\Java\jdk1.6.0_07\jre\lib\resources.jar;C:\Program Files\Java\jdk1.6.0_07\jre\lib\rt.jar;C:\Program Files\Java\jdk1.6.0_07\jre\lib\sunrsasign.jar;C:\Program Files\Java\jdk1.6.0_07\jre\lib\jsse.jar;C:\Program Files\Java\jdk1.6.0_07\jre\lib\jce.jar;C:\Program Files\Java\jdk1.6.0_07\jre\lib\charsets.jar;C:\Program Files\Java\jdk1.6.0_07\jre\classes"/>
    <property name="env.COMPUTERNAME" value="KEITHPIERCE"/>
    <property name="env.ALLUSERSPROFILE" value="C:\Documents and Settings\All Users"/>
    <property name="sun.desktop" value="windows"/>
    <property name="java.vm.specification.vendor" value="Sun Microsystems Inc."/>
    <property name="java.runtime.version" value="1.6.0_07-b06"/>
    <property name="env.HOMEPATH" value="\Documents and Settings\kpierce"/>
    <property name="user.name" value="kpierce"/>
    <property name="user.language" value="en"/>
    <property name="sun.boot.library.path" value="C:\Program Files\Java\jdk1.6.0_07\jre\bin"/>
    <property name="classworlds.conf" value="C:\Program Files\apache-maven-2.0.9\bin\m2.conf"/>
    <property name="java.version" value="1.6.0_07"/>
    <property name="env.PROCESSOR_IDENTIFIER" value="x86 Family 6 Model 15 Stepping 10, GenuineIntel"/>
    <property name="user.timezone" value="America/Chicago"/>
    <property name="env.TEMP" value="C:\DOCUME~1\kpierce\LOCALS~1\Temp"/>
    <property name="sun.arch.data.model" value="32"/>
    <property name="java.endorsed.dirs" value="C:\Program Files\Java\jdk1.6.0_07\jre\lib\endorsed"/>
    <property name="sun.cpu.isalist" value="pentium_pro+mmx pentium_pro pentium+mmx pentium i486 i386 i86"/>
    <property name="env.HOMEDRIVE" value="C:"/>
    <property name="sun.jnu.encoding" value="Cp1252"/>
    <property name="file.encoding.pkg" value="sun.io"/>
    <property name="file.separator" value="\"/>
    <property name="java.specification.name" value="Java Platform API Specification"/>
    <property name="java.class.version" value="50.0"/>
    <property name="user.country" value="US"/>
    <property name="java.home" value="C:\Program Files\Java\jdk1.6.0_07\jre"/>
    <property name="env.APPDATA" value="C:\Documents and Settings\kpierce\Application Data"/>
    <property name="java.vm.info" value="mixed mode"/>
    <property name="env.CATALINA_HOME" value="C:\apache-tomcat-6.0.16"/>
    <property name="env.ComSpec" value="C:\WINDOWS\system32\cmd.exe"/>
    <property name="env.TOMCAT_HOME" value="C:\apache-tomcat-6.0.16"/>
    <property name="env.OS" value="Windows_NT"/>
    <property name="env.CommonProgramFiles" value="C:\Program Files\Common Files"/>
    <property name="os.version" value="5.1"/>
    <property name="path.separator" value=";"/>
    <property name="java.vm.version" value="10.0-b23"/>
    <property name="user.variant" value=""/>
    <property name="env.USERPROFILE" value="C:\Documents and Settings\kpierce"/>
    <property name="env.JAVA_HOME" value="C:\Program Files\Java\jdk1.6.0_07"/>
    <property name="java.awt.printerjob" value="sun.awt.windows.WPrinterJob"/>
    <property name="env.TMP" value="C:\DOCUME~1\kpierce\LOCALS~1\Temp"/>
    <property name="sun.io.unicode.encoding" value="UnicodeLittle"/>
    <property name="awt.toolkit" value="sun.awt.windows.WToolkit"/>
    <property name="user.home" value="C:\Documents and Settings\kpierce"/>
    <property name="env.SESSIONNAME" value="Console"/>
    <property name="java.specification.vendor" value="Sun Microsystems Inc."/>
    <property name="env.CLASSPATH" value=".;C:\apache-tomcat-6.0.16\lib\servlet-api.jar;C:\apache-tomcat-6.0.16\lib\jsp-api.jar;C:\apache-tomcat-6.0.16\lib\el-api.jar;C:\Servlets+JSP;"/>
    <property name="env.M2_HOME" value="C:\Program Files\apache-maven-2.0.9"/>
    <property name="env.NUMBER_OF_PROCESSORS" value="2"/>
    <property name="java.library.path" value="C:\Program Files\Java\jdk1.6.0_07\bin;.;C:\WINDOWS\Sun\Java\bin;C:\WINDOWS\system32;C:\WINDOWS;C:\WINDOWS\system32;C:\WINDOWS;C:\WINDOWS\System32\Wbem;C:\Program Files\Java\jdk1.6.0_07\bin;C:\Program Files\MySQL\MySQL Server 5.0\bin;C:\Program Files\AllPairs;C:\Program Files\apache-maven-2.0.9\bin;C:\Program Files\Graphviz2.20\Bin;C:\Python25;C:\apache-ant-1.7.1\bin;C:\Program Files\TortoiseSVN\bin;C:\Program Files\CollabNet Subversion"/>
    <property name="java.vendor.url" value="http://java.sun.com/"/>
    <property name="env.USERDNSDOMAIN" value="GFUSA.ORG"/>
    <property name="env.MAVEN_CMD_LINE_ARGS" value="clean install"/>
    <property name="java.vm.vendor" value="Sun Microsystems Inc."/>
    <property name="maven.home" value="C:\Program Files\apache-maven-2.0.9"/>
    <property name="java.runtime.name" value="Java(TM) SE Runtime Environment"/>
    <property name="java.class.path" value="C:\Program Files\apache-maven-2.0.9\boot\classworlds-1.1.jar"/>
    <property name="env.MAVEN_JAVA_EXE" value="&quot;C:\Program Files\Java\jdk1.6.0_07\bin\java.exe&quot;"/>
    <property name="java.vm.specification.name" value="Java Virtual Machine Specification"/>
    <property name="env.LOGONSERVER" value="\\GFSERVER1"/>
    <property name="env.windir" value="C:\WINDOWS"/>
    <property name="java.vm.specification.version" value="1.0"/>
    <property name="env.PROCESSOR_ARCHITECTURE" value="x86"/>
    <property name="sun.os.patch.level" value="Service Pack 3"/>
    <property name="sun.cpu.endian" value="little"/>
    <property name="env.HOME" value="C:\Documents and Settings\kpierce"/>
    <property name="env.ProgramFiles" value="C:\Program Files"/>
    <property name="surefire.test.class.path" value="C:\Documents and Settings\kpierce\.m2\repository\org\springframework\spring\2.5.5\spring-2.5.5.jar;C:\Documents and Settings\kpierce\.m2\repository\commons-logging\commons-logging\1.1.1\commons-logging-1.1.1.jar;C:\Documents and Settings\kpierce\.m2\repository\org\springframework\spring-test\2.5.5\spring-test-2.5.5.jar;C:\Documents and Settings\kpierce\.m2\repository\junit\junit\3.8.1\junit-3.8.1.jar;C:\Documents and Settings\kpierce\.m2\repository\org\springframework\spring-webmvc\2.5.5\spring-webmvc-2.5.5.jar;C:\Documents and Settings\kpierce\.m2\repository\org\springframework\spring-beans\2.5.5\spring-beans-2.5.5.jar;C:\Documents and Settings\kpierce\.m2\repository\org\springframework\spring-core\2.5.5\spring-core-2.5.5.jar;C:\Documents and Settings\kpierce\.m2\repository\org\springframework\spring-context\2.5.5\spring-context-2.5.5.jar;C:\Documents and Settings\kpierce\.m2\repository\aopalliance\aopalliance\1.0\aopalliance-1.0.jar;C:\Documents and Settings\kpierce\.m2\repository\org\springframework\spring-context-support\2.5.5\spring-context-support-2.5.5.jar;C:\Documents and Settings\kpierce\.m2\repository\org\springframework\spring-web\2.5.5\spring-web-2.5.5.jar;C:\Documents and Settings\kpierce\.m2\repository\org\springframework\security\spring-security-core\2.0-M2\spring-security-core-2.0-M2.jar;C:\Documents and Settings\kpierce\.m2\repository\org\springframework\spring-aop\2.0.6\spring-aop-2.0.6.jar;C:\Documents and Settings\kpierce\.m2\repository\org\springframework\spring-support\2.0.6\spring-support-2.0.6.jar;C:\Documents and Settings\kpierce\.m2\repository\commons-codec\commons-codec\1.3\commons-codec-1.3.jar;C:\Documents and Settings\kpierce\.m2\repository\commons-collections\commons-collections\3.1\commons-collections-3.1.jar;C:\Documents and Settings\kpierce\.m2\repository\log4j\log4j\1.2.12\log4j-1.2.12.jar;C:\Documents and Settings\kpierce\.m2\repository\org\testng\testng\5.8\testng-5.8-jdk15.jar;C:\Documents and Settings\kpierce\.m2\repository\org\freemarker\freemarker\2.3.13\freemarker-2.3.13.jar;C:\Documents and Settings\kpierce\.m2\repository\javax\servlet\servlet-api\2.5\servlet-api-2.5.jar;C:\Documents and Settings\kpierce\.m2\repository\joda-time\joda-time\1.5.2\joda-time-1.5.2.jar;C:\Documents and Settings\kpierce\.m2\repository\joda-time\joda-time-hibernate\1.0\joda-time-hibernate-1.0.jar;C:\Documents and Settings\kpierce\.m2\repository\org\hibernate\hibernate\3.2.6.ga\hibernate-3.2.6.ga.jar;C:\Documents and Settings\kpierce\.m2\repository\ehcache\ehcache\1.1\ehcache-1.1.jar;C:\Documents and Settings\kpierce\.m2\repository\cglib\cglib\2.1_3\cglib-2.1_3.jar;C:\Documents and Settings\kpierce\.m2\repository\asm\asm\1.5.3\asm-1.5.3.jar;C:\Documents and Settings\kpierce\.m2\repository\dom4j\dom4j\1.6\dom4j-1.6.jar;C:\Documents and Settings\kpierce\.m2\repository\javax\transaction\jta\1.0.1B\jta-1.0.1B.jar;C:\Documents and Settings\kpierce\.m2\repository\commons-logging\commons-logging-api\1.0.4\commons-logging-api-1.0.4.jar;C:\Documents and Settings\kpierce\.m2\repository\hsqldb\hsqldb\1.7.3.3\hsqldb-1.7.3.3.jar;C:\Documents and Settings\kpierce\.m2\repository\xml-apis\xml-apis\1.0.b2\xml-apis-1.0.b2.jar;C:\Documents and Settings\kpierce\.m2\repository\cglib\cglib-full\2.0.2\cglib-full-2.0.2.jar;C:\Documents and Settings\kpierce\.m2\repository\antlr\antlr\2.7.2\antlr-2.7.2.jar;C:\Documents and Settings\kpierce\.m2\repository\org\aspectj\aspectjweaver\1.6.1\aspectjweaver-1.6.1.jar;C:\Documents and Settings\kpierce\.m2\repository\mysql\mysql-connector-java\5.1.6\mysql-connector-java-5.1.6.jar;C:\Documents and Settings\kpierce\.m2\repository\findbugs\annotations\1.0.0\annotations-1.0.0.jar;C:\Documents and Settings\kpierce\.m2\repository\org\hibernate\ejb3-persistence\1.0.1.GA\ejb3-persistence-1.0.1.GA.jar;C:\Documents and Settings\kpierce\.m2\repository\org\hibernate\hibernate-entitymanager\3.3.2.GA\hibernate-entitymanager-3.3.2.GA.jar;C:\Documents and Settings\kpierce\.m2\repository\org\hibernate\hibernate-annotations\3.3.1.GA\hibernate-annotations-3.3.1.GA.jar;C:\Documents and Settings\kpierce\.m2\repository\org\hibernate\hibernate-commons-annotations\3.0.0.ga\hibernate-commons-annotations-3.0.0.ga.jar;C:\Documents and Settings\kpierce\.m2\repository\javassist\javassist\3.4.GA\javassist-3.4.GA.jar;C:\Documents and Settings\kpierce\.m2\repository\javax\persistence\persistence-api\1.0\persistence-api-1.0.jar;C:\Documents and Settings\kpierce\.m2\repository\commons-lang\commons-lang\2.3\commons-lang-2.3.jar;C:\Documents and Settings\kpierce\.m2\repository\org\springmodules\spring-modules-validation\0.8\spring-modules-validation-0.8.jar;C:\Documents and Settings\kpierce\.m2\repository\commons-validator\commons-validator\1.3.0\commons-validator-1.3.0.jar;C:\Documents and Settings\kpierce\.m2\repository\commons-beanutils\commons-beanutils\1.7.0\commons-beanutils-1.7.0.jar;C:\Documents and Settings\kpierce\.m2\repository\commons-digester\commons-digester\1.7\commons-digester-1.7.jar;C:\Documents and Settings\kpierce\.m2\repository\oro\oro\2.0.8\oro-2.0.8.jar;C:\Documents and Settings\kpierce\.m2\repository\rhino\js\1.6R2\js-1.6R2.jar;C:\Documents and Settings\kpierce\.m2\repository\net\sf\dozer\dozer\4.2.1\dozer-4.2.1.jar;C:\Documents and Settings\kpierce\.m2\repository\asm\asm-all\3.1\asm-all-3.1.jar;C:\Documents and Settings\kpierce\.m2\repository\net\sf\ehcache\ehcache\1.2.3\ehcache-1.2.3.jar;C:\Documents and Settings\kpierce\.m2\repository\asm\asm-attrs\1.5.3\asm-attrs-1.5.3.jar;C:\Documents and Settings\kpierce\.m2\repository\org\dbunit\dbunit\2.3.0\dbunit-2.3.0.jar;C:\Documents and Settings\kpierce\.m2\repository\junit-addons\junit-addons\1.4\junit-addons-1.4.jar;C:\Documents and Settings\kpierce\.m2\repository\xerces\xercesImpl\2.6.2\xercesImpl-2.6.2.jar;C:\Documents and Settings\kpierce\.m2\repository\xerces\xmlParserAPIs\2.6.2\xmlParserAPIs-2.6.2.jar;C:\Documents and Settings\kpierce\.m2\repository\org\apache\poi\poi\3.1-FINAL\poi-3.1-FINAL.jar;C:\Documents and Settings\kpierce\.m2\repository\org\slf4j\slf4j-api\1.4.3\slf4j-api-1.4.3.jar;C:\Documents and Settings\kpierce\.m2\repository\org\slf4j\slf4j-nop\1.4.3\slf4j-nop-1.4.3.jar;C:\eclipse-workspace\mifos-cheetah\testFramework\target\classes;C:\eclipse-workspace\mifos-cheetah\testFramework\target\test-classes;"/>
    <property name="java.io.tmpdir" value="C:\DOCUME~1\kpierce\LOCALS~1\Temp\"/>
    <property name="env.PROCESSOR_REVISION" value="0f0a"/>
    <property name="java.vendor.url.bug" value="http://java.sun.com/cgi-bin/bugreport.cgi"/>
    <property name="env.MAVEN_OPTS" value="-Xmx1024m"/>
    <property name="env.SystemRoot" value="C:\WINDOWS"/>
    <property name="java.awt.graphicsenv" value="sun.awt.Win32GraphicsEnvironment"/>
    <property name="os.arch" value="x86"/>
    <property name="java.ext.dirs" value="C:\Program Files\Java\jdk1.6.0_07\jre\lib\ext;C:\WINDOWS\Sun\Java\lib\ext"/>
    <property name="env.SVN_SSH" value="C:\\Program Files\\TortoiseSVN\\bin\\TortoisePlink.exe"/>
    <property name="user.dir" value="C:\eclipse-workspace\mifos-cheetah\testFramework"/>
    <property name="line.separator" value="
"/>
    <property name="java.vm.name" value="Java HotSpot(TM) Client VM"/>
    <property name="env.CLASSWORLDS_JAR" value="&quot;C:\Program Files\apache-maven-2.0.9\boot\classworlds-1.1.jar&quot;"/>
    <property name="env.PATHEXT" value=".COM;.EXE;.BAT;.CMD;.VBS;.VBE;.JS;.JSE;.WSF;.WSH"/>
    <property name="env.Path" value="C:\WINDOWS\system32;C:\WINDOWS;C:\WINDOWS\System32\Wbem;C:\Program Files\Java\jdk1.6.0_07\bin;C:\Program Files\MySQL\MySQL Server 5.0\bin;C:\Program Files\AllPairs;C:\Program Files\apache-maven-2.0.9\bin;C:\Program Files\Graphviz2.20\Bin;C:\Python25;C:\apache-ant-1.7.1\bin;C:\Program Files\TortoiseSVN\bin;C:\Program Files\CollabNet Subversion"/>
    <property name="basedir" value="C:\eclipse-workspace\mifos-cheetah\testFramework"/>
    <property name="env.ERROR_CODE" value="0"/>
    <property name="env.USERNAME" value="kpierce"/>
    <property name="env.SystemDrive" value="C:"/>
    <property name="file.encoding" value="Cp1252"/>
    <property name="env.USERDOMAIN" value="GFUSA"/>
    <property name="java.specification.version" value="1.6"/>
    <property name="env.PROCESSOR_LEVEL" value="6"/>
  </properties>
  <testcase time="0" classname="org.mifos.test.framework.util.DatabaseTestUtilsTest" name="testCreateClient"/>
</testsuite>